<?xml version="1.0" encoding="UTF-8"?>
<!-- Generated by org.testng.reporters.JUnitXMLReporter -->
<testsuite ignored="0" hostname="ivhy-dell" failures="0" tests="169" name="Command line test" time="0.275" errors="0" timestamp="2021-09-12T18:52:18 PET">
  <testcase classname="VehiculoTest" name="test01" time="0.024"/>
  <testcase classname="VehiculoTest" name="test02" time="0.0"/>
  <testcase classname="VehiculoTest" name="test03" time="0.001"/>
  <testcase classname="VehiculoTest" name="testAutomovil01" time="0.003"/>
  <testcase classname="VehiculoTest" name="testAutomovil01" time="0.003"/>
  <testcase classname="VehiculoTest" name="testAutomovil01" time="0.003"/>
  <testcase classname="VehiculoTest" name="testAutomovil01" time="0.002"/>
  <testcase classname="VehiculoTest" name="testAutomovil01" time="0.001"/>
  <testcase classname="VehiculoTest" name="testAutomovil01" time="0.001"/>
  <testcase classname="VehiculoTest" name="testAutomovil01" time="0.001"/>
  <testcase classname="VehiculoTest" name="testAutomovil01" time="0.002"/>
  <testcase classname="VehiculoTest" name="testAutomovil01" time="0.002"/>
  <testcase classname="VehiculoTest" name="testAutomovil01" time="0.001"/>
  <testcase classname="VehiculoTest" name="testAutomovil01" time="0.001"/>
  <testcase classname="VehiculoTest" name="testAutomovil01" time="0.001"/>
  <testcase classname="VehiculoTest" name="testAutomovil01" time="0.001"/>
  <testcase classname="VehiculoTest" name="testAutomovil01" time="0.001"/>
  <testcase classname="VehiculoTest" name="testAutomovil01" time="0.001"/>
  <testcase classname="VehiculoTest" name="testAutomovil01" time="0.0"/>
  <testcase classname="VehiculoTest" name="testAutomovil01" time="0.0"/>
  <testcase classname="VehiculoTest" name="testAutomovil01" time="0.001"/>
  <testcase classname="VehiculoTest" name="testAutomovil01" time="0.0"/>
  <testcase classname="VehiculoTest" name="testAutomovil01" time="0.0"/>
  <testcase classname="VehiculoTest" name="testAutomovil01" time="0.001"/>
  <testcase classname="VehiculoTest" name="testAutomovil01" time="0.001"/>
  <testcase classname="VehiculoTest" name="testAutomovil01" time="0.001"/>
  <testcase classname="VehiculoTest" name="testAutomovil01" time="0.001"/>
  <testcase classname="VehiculoTest" name="testAutomovil01" time="0.0"/>
  <testcase classname="VehiculoTest" name="testAutomovil01" time="0.0"/>
  <testcase classname="VehiculoTest" name="testAutomovil01" time="0.001"/>
  <testcase classname="VehiculoTest" name="testAutomovil01" time="0.001"/>
  <testcase classname="VehiculoTest" name="testAutomovil01" time="0.0"/>
  <testcase classname="VehiculoTest" name="testAutomovil01" time="0.0"/>
  <testcase classname="VehiculoTest" name="testAutomovil01" time="0.002"/>
  <testcase classname="VehiculoTest" name="testAutomovil01" time="0.001"/>
  <testcase classname="VehiculoTest" name="testAutomovil01" time="0.003"/>
  <testcase classname="VehiculoTest" name="testAutomovil01" time="0.003"/>
  <testcase classname="VehiculoTest" name="testAutomovil01" time="0.003"/>
  <testcase classname="VehiculoTest" name="testAutomovil01" time="0.0"/>
  <testcase classname="VehiculoTest" name="testAutomovil01" time="0.001"/>
  <testcase classname="VehiculoTest" name="testAutomovil01" time="0.001"/>
  <testcase classname="VehiculoTest" name="testAutomovil01" time="0.001"/>
  <testcase classname="VehiculoTest" name="testAutomovil01" time="0.001"/>
  <testcase classname="VehiculoTest" name="testAutomovil01" time="0.0"/>
  <testcase classname="VehiculoTest" name="testAutomovil01" time="0.001"/>
  <testcase classname="VehiculoTest" name="testAutomovil01" time="0.0"/>
  <testcase classname="VehiculoTest" name="testAutomovil01" time="0.0"/>
  <testcase classname="VehiculoTest" name="testAutomovil01" time="0.0"/>
  <testcase classname="VehiculoTest" name="testAutomovil01" time="0.0"/>
  <testcase classname="VehiculoTest" name="testAutomovil01" time="0.001"/>
  <testcase classname="VehiculoTest" name="testAutomovil01" time="0.001"/>
  <testcase classname="VehiculoTest" name="testAutomovil01" time="0.0"/>
  <testcase classname="VehiculoTest" name="testAutomovil01" time="0.0"/>
  <testcase classname="VehiculoTest" name="testAutomovil01" time="0.0"/>
  <testcase classname="VehiculoTest" name="testAutomovil01" time="0.001"/>
  <testcase classname="VehiculoTest" name="testAutomovil01" time="0.001"/>
  <testcase classname="VehiculoTest" name="testAutomovil01" time="0.003"/>
  <testcase classname="VehiculoTest" name="testAutomovil01" time="0.0"/>
  <testcase classname="VehiculoTest" name="testAutomovil01" time="0.0"/>
  <testcase classname="VehiculoTest" name="testAutomovil01" time="0.0"/>
  <testcase classname="VehiculoTest" name="testAutomovil01" time="0.001"/>
  <testcase classname="VehiculoTest" name="testAutomovil01" time="0.001"/>
  <testcase classname="VehiculoTest" name="testAutomovil01" time="0.001"/>
  <testcase classname="VehiculoTest" name="testAutomovil01" time="0.001"/>
  <testcase classname="VehiculoTest" name="testAutomovil01" time="0.001"/>
  <testcase classname="VehiculoTest" name="testAutomovil01" time="0.001"/>
  <testcase classname="VehiculoTest" name="testAutomovil01" time="0.001"/>
  <testcase classname="VehiculoTest" name="testAutomovil01" time="0.0"/>
  <testcase classname="VehiculoTest" name="testAutomovil01" time="0.001"/>
  <testcase classname="VehiculoTest" name="testAutomovil01" time="0.001"/>
  <testcase classname="VehiculoTest" name="testAutomovil01" time="0.0"/>
  <testcase classname="VehiculoTest" name="testAutomovil01" time="0.0"/>
  <testcase classname="VehiculoTest" name="testAutomovil01" time="0.0"/>
  <testcase classname="VehiculoTest" name="testAutomovil01" time="0.0"/>
  <testcase classname="VehiculoTest" name="testAutomovil01" time="0.001"/>
  <testcase classname="VehiculoTest" name="testAutomovil01" time="0.001"/>
  <testcase classname="VehiculoTest" name="testAutomovil01" time="0.0"/>
  <testcase classname="VehiculoTest" name="testAutomovil01" time="0.0"/>
  <testcase classname="VehiculoTest" name="testAutomovil01" time="0.001"/>
  <testcase classname="VehiculoTest" name="testAutomovil01" time="0.0"/>
  <testcase classname="VehiculoTest" name="testAutomovil01" time="0.002"/>
  <testcase classname="VehiculoTest" name="testAutomovil01" time="0.002"/>
  <testcase classname="VehiculoTest" name="testAutomovil01" time="0.002"/>
  <testcase classname="VehiculoTest" name="testCamion01" time="0.001"/>
  <testcase classname="VehiculoTest" name="testCamion01" time="0.001"/>
  <testcase classname="VehiculoTest" name="testCamion01" time="0.001"/>
  <testcase classname="VehiculoTest" name="testCamion01" time="0.001"/>
  <testcase classname="VehiculoTest" name="testCamion01" time="0.001"/>
  <testcase classname="VehiculoTest" name="testCamion01" time="0.001"/>
  <testcase classname="VehiculoTest" name="testCamion01" time="0.004"/>
  <testcase classname="VehiculoTest" name="testCamion01" time="0.0"/>
  <testcase classname="VehiculoTest" name="testCamion01" time="0.001"/>
  <testcase classname="VehiculoTest" name="testCamion01" time="0.001"/>
  <testcase classname="VehiculoTest" name="testCamion01" time="0.001"/>
  <testcase classname="VehiculoTest" name="testCamion01" time="0.001"/>
  <testcase classname="VehiculoTest" name="testCamion01" time="0.0"/>
  <testcase classname="VehiculoTest" name="testCamion01" time="0.001"/>
  <testcase classname="VehiculoTest" name="testCamion01" time="0.0"/>
  <testcase classname="VehiculoTest" name="testCamion01" time="0.0"/>
  <testcase classname="VehiculoTest" name="testCamion01" time="0.001"/>
  <testcase classname="VehiculoTest" name="testCamion01" time="0.001"/>
  <testcase classname="VehiculoTest" name="testCamion01" time="0.001"/>
  <testcase classname="VehiculoTest" name="testCamion01" time="0.0"/>
  <testcase classname="VehiculoTest" name="testCamion01" time="0.001"/>
  <testcase classname="VehiculoTest" name="testCamion01" time="0.002"/>
  <testcase classname="VehiculoTest" name="testCamion01" time="0.001"/>
  <testcase classname="VehiculoTest" name="testCamion01" time="0.0"/>
  <testcase classname="VehiculoTest" name="testCamion01" time="0.002"/>
  <testcase classname="VehiculoTest" name="testCamion01" time="0.001"/>
  <testcase classname="VehiculoTest" name="testCamion01" time="0.001"/>
  <testcase classname="VehiculoTest" name="testCamion01" time="0.001"/>
  <testcase classname="VehiculoTest" name="testCamion01" time="0.002"/>
  <testcase classname="VehiculoTest" name="testCamion01" time="0.0"/>
  <testcase classname="VehiculoTest" name="testCamion01" time="0.0"/>
  <testcase classname="VehiculoTest" name="testCamion01" time="0.002"/>
  <testcase classname="VehiculoTest" name="testCamion01" time="0.001"/>
  <testcase classname="VehiculoTest" name="testCamion01" time="0.0"/>
  <testcase classname="VehiculoTest" name="testCamion01" time="0.003"/>
  <testcase classname="VehiculoTest" name="testCamion01" time="0.001"/>
  <testcase classname="VehiculoTest" name="testCamion01" time="0.001"/>
  <testcase classname="VehiculoTest" name="testCamion01" time="0.001"/>
  <testcase classname="VehiculoTest" name="testCamion01" time="0.001"/>
  <testcase classname="VehiculoTest" name="testCamion01" time="0.0"/>
  <testcase classname="VehiculoTest" name="testCamion01" time="0.001"/>
  <testcase classname="VehiculoTest" name="testCamion01" time="0.001"/>
  <testcase classname="VehiculoTest" name="testCamion01" time="0.001"/>
  <testcase classname="VehiculoTest" name="testCamion01" time="0.0"/>
  <testcase classname="VehiculoTest" name="testCamion01" time="0.0"/>
  <testcase classname="VehiculoTest" name="testCamion01" time="0.0"/>
  <testcase classname="VehiculoTest" name="testCamion01" time="0.0"/>
  <testcase classname="VehiculoTest" name="testCamion01" time="0.0"/>
  <testcase classname="VehiculoTest" name="testCamion01" time="0.0"/>
  <testcase classname="VehiculoTest" name="testCamion01" time="0.001"/>
  <testcase classname="VehiculoTest" name="testCamion01" time="0.0"/>
  <testcase classname="VehiculoTest" name="testCamion01" time="0.0"/>
  <testcase classname="VehiculoTest" name="testCamion01" time="0.001"/>
  <testcase classname="VehiculoTest" name="testCamion01" time="0.0"/>
  <testcase classname="VehiculoTest" name="testCamion01" time="0.0"/>
  <testcase classname="VehiculoTest" name="testCamion01" time="0.0"/>
  <testcase classname="VehiculoTest" name="testCamion01" time="0.0"/>
  <testcase classname="VehiculoTest" name="testCamion01" time="0.0"/>
  <testcase classname="VehiculoTest" name="testCamion01" time="0.0"/>
  <testcase classname="VehiculoTest" name="testCamion01" time="0.001"/>
  <testcase classname="VehiculoTest" name="testCamion01" time="0.001"/>
  <testcase classname="VehiculoTest" name="testCamion01" time="0.001"/>
  <testcase classname="VehiculoTest" name="testCamion01" time="0.001"/>
  <testcase classname="VehiculoTest" name="testCamion01" time="0.002"/>
  <testcase classname="VehiculoTest" name="testCamion01" time="0.0"/>
  <testcase classname="VehiculoTest" name="testCamion01" time="0.0"/>
  <testcase classname="VehiculoTest" name="testCamion01" time="0.001"/>
  <testcase classname="VehiculoTest" name="testCamion01" time="0.001"/>
  <testcase classname="VehiculoTest" name="testCamion01" time="0.001"/>
  <testcase classname="VehiculoTest" name="testCamion01" time="0.0"/>
  <testcase classname="VehiculoTest" name="testCamion01" time="0.0"/>
  <testcase classname="VehiculoTest" name="testCamion01" time="0.0"/>
  <testcase classname="VehiculoTest" name="testCamion01" time="0.0"/>
  <testcase classname="VehiculoTest" name="testCamion01" time="0.0"/>
  <testcase classname="VehiculoTest" name="testCamion01" time="0.002"/>
  <testcase classname="VehiculoTest" name="testCamion01" time="0.001"/>
  <testcase classname="VehiculoTest" name="testCamion01" time="0.001"/>
  <testcase classname="VehiculoTest" name="testCamion01" time="0.0"/>
  <testcase classname="VehiculoTest" name="testCamion01" time="0.0"/>
  <testcase classname="VehiculoTest" name="testCamion01" time="0.001"/>
  <testcase classname="VehiculoTest" name="testFunc01" time="0.001"/>
  <testcase classname="VehiculoTest" name="testFunc02" time="0.001"/>
  <testcase classname="VehiculoTest" name="testFunc03" time="0.0"/>
  <testcase classname="VehiculoTest" name="testFunc04" time="0.001"/>
  <testcase classname="VehiculoTest" name="testFunc05" time="0.001"/>
  <testcase classname="VehiculoTest" name="testFunc06" time="0.001"/>
</testsuite> <!-- Command line test -->
